<?xml version="1.0" encoding="UTF-8"?>
<testsuite name="BirdSanctuaryTest" tests="1" skipped="0" failures="0" errors="0" timestamp="2021-04-24T11:23:38" hostname="MRUNAL" time="0.025">
  <properties/>
  <testcase name="addTestBird()" classname="BirdSanctuaryTest" time="0.025"/>
  <system-out><![CDATA[]]></system-out>
  <system-err><![CDATA[]]></system-err>
</testsuite>
